<?xml version="1.0" encoding="UTF-8"?>
<!-- Generated by org.testng.reporters.JUnitReportReporter -->
<testsuite skipped="0" hostname="DESKTOP-QHJCD6D" name="com.TestCases.VerifyAdminLoginExtent" tests="1" failures="0" timestamp="30 Mar 2018 12:10:23 GMT" time="12.485" errors="0">
  <testcase name="adminsingin" time="12.485" classname="com.TestCases.VerifyAdminLoginExtent"/>
</testsuite> <!-- com.TestCases.VerifyAdminLoginExtent -->
