<?xml version="1.0" encoding="UTF-8"?>
<!-- Generated by org.testng.reporters.JUnitReportReporter -->
<testsuite skipped="0" hostname="DESKTOP-QHJCD6D" name="com.TestCases.VerifySupplierProfileCreation" tests="1" failures="0" timestamp="23 May 2018 13:32:25 GMT" time="126.336" errors="0">
  <testcase name="verifySupplierProfileCreation" time="126.336" classname="com.TestCases.VerifySupplierProfileCreation"/>
</testsuite> <!-- com.TestCases.VerifySupplierProfileCreation -->
