<?xml version="1.0" encoding="UTF-8"?>
<!-- Generated by org.testng.reporters.JUnitReportReporter -->
<testsuite skipped="0" hostname="DESKTOP-QHJCD6D" name="com.TestCases.VerifyAdminDeleteSupplier" tests="1" failures="0" timestamp="12 Apr 2018 08:33:44 GMT" time="26.644" errors="0">
  <testcase name="verifyDeleteSupplierfromAdmin" time="26.644" classname="com.TestCases.VerifyAdminDeleteSupplier"/>
</testsuite> <!-- com.TestCases.VerifyAdminDeleteSupplier -->
