<?xml version="1.0" encoding="UTF-8"?>
<!-- Generated by org.testng.reporters.JUnitReportReporter -->
<testsuite skipped="0" hostname="DESKTOP-QHJCD6D" name="com.TestCases.VerifyBuyerSignup" tests="1" failures="0" timestamp="18 May 2018 11:18:38 GMT" time="30.434" errors="0">
  <testcase name="verifybuyerSignup" time="30.434" classname="com.TestCases.VerifyBuyerSignup"/>
</testsuite> <!-- com.TestCases.VerifyBuyerSignup -->
