<?xml version="1.0" encoding="UTF-8"?>
<!-- Generated by org.testng.reporters.JUnitReportReporter -->
<testsuite skipped="0" hostname="DESKTOP-QHJCD6D" name="com.TestCases.VerifySignupSimple" tests="1" failures="0" timestamp="28 Dec 2017 05:17:05 GMT" time="45.161" errors="0">
  <testcase name="main" time="45.161" classname="com.TestCases.VerifySignupSimple"/>
</testsuite> <!-- com.TestCases.VerifySignupSimple -->
