<?xml version="1.0" encoding="UTF-8"?>
<!-- Generated by org.testng.reporters.JUnitReportReporter -->
<testsuite skipped="0" hostname="DESKTOP-QHJCD6D" name="com.TestCases.VerifyAdminDeleteBuyer" tests="1" failures="0" timestamp="12 Apr 2018 08:33:45 GMT" time="18.582" errors="0">
  <testcase name="verifyDeleteBuyerFromAdmin" time="18.582" classname="com.TestCases.VerifyAdminDeleteBuyer"/>
</testsuite> <!-- com.TestCases.VerifyAdminDeleteBuyer -->
