<?xml version="1.0" encoding="UTF-8"?>
<!-- Generated by org.testng.reporters.JUnitReportReporter -->
<testsuite skipped="0" hostname="DESKTOP-QHJCD6D" name="com.TestCases.VerifySupplierSignup" tests="1" failures="0" timestamp="10 May 2018 05:32:24 GMT" time="25.213" errors="0">
  <testcase name="verifySuppliersignup" time="25.213" classname="com.TestCases.VerifySupplierSignup"/>
</testsuite> <!-- com.TestCases.VerifySupplierSignup -->
