<?xml version="1.0" encoding="UTF-8"?>
<!-- Generated by org.testng.reporters.JUnitReportReporter -->
<testsuite skipped="0" hostname="DESKTOP-QHJCD6D" name="com.TestCases.VerifyLoginBuyer" tests="1" failures="0" timestamp="29 Jun 2018 06:20:39 GMT" time="61.473" errors="0">
  <testcase name="main" time="61.473" classname="com.TestCases.VerifyLoginBuyer"/>
</testsuite> <!-- com.TestCases.VerifyLoginBuyer -->
