<?xml version="1.0" encoding="UTF-8"?>
<!-- Generated by org.testng.reporters.JUnitReportReporter -->
<testsuite skipped="0" hostname="DESKTOP-QHJCD6D" name="com.TestCases.VerifyAdminAddSupplier" tests="1" failures="0" timestamp="12 Apr 2018 08:33:45 GMT" time="75.903" errors="0">
  <testcase name="verifyaddSupplierAdmin" time="75.903" classname="com.TestCases.VerifyAdminAddSupplier"/>
</testsuite> <!-- com.TestCases.VerifyAdminAddSupplier -->
