<?xml version="1.0" encoding="UTF-8"?>
<!-- Generated by org.testng.reporters.JUnitReportReporter -->
<testsuite skipped="0" hostname="DESKTOP-QHJCD6D" name="com.TestCases.VerifySupplierSignup" tests="1" failures="0" timestamp="12 Apr 2018 08:33:44 GMT" time="18.034" errors="0">
  <testcase name="verifySuppliersignup" time="18.034" classname="com.TestCases.VerifySupplierSignup"/>
</testsuite> <!-- com.TestCases.VerifySupplierSignup -->
