<?xml version="1.0" encoding="UTF-8"?>
<!-- Generated by org.testng.reporters.JUnitReportReporter -->
<testsuite skipped="0" hostname="DESKTOP-QHJCD6D" name="com.TestCases.VerifySupplierProfileCreation" tests="1" failures="0" timestamp="31 May 2018 13:35:36 GMT" time="109.082" errors="0">
  <testcase name="verifySupplierProfileCreation" time="109.082" classname="com.TestCases.VerifySupplierProfileCreation"/>
</testsuite> <!-- com.TestCases.VerifySupplierProfileCreation -->
