<?xml version="1.0" encoding="UTF-8"?>
<!-- Generated by org.testng.reporters.JUnitReportReporter -->
<testsuite skipped="0" hostname="DESKTOP-QHJCD6D" name="com.TestCases.VerifyBuyerSignup" tests="1" failures="0" timestamp="12 Apr 2018 08:33:45 GMT" time="27.787" errors="0">
  <testcase name="verifybuyerSignup" time="27.787" classname="com.TestCases.VerifyBuyerSignup"/>
</testsuite> <!-- com.TestCases.VerifyBuyerSignup -->
