<?xml version="1.0" encoding="UTF-8"?>
<!-- Generated by org.testng.reporters.JUnitReportReporter -->
<testsuite skipped="0" hostname="DESKTOP-QHJCD6D" name="com.TestCases.VerifyLoginBuyer" tests="1" failures="0" timestamp="19 Jun 2018 06:12:33 GMT" time="44.413" errors="0">
  <testcase name="main" time="44.413" classname="com.TestCases.VerifyLoginBuyer"/>
</testsuite> <!-- com.TestCases.VerifyLoginBuyer -->
