<?xml version="1.0" encoding="UTF-8"?>
<!-- Generated by org.testng.reporters.JUnitReportReporter -->
<testsuite skipped="0" hostname="DESKTOP-QHJCD6D" name="com.TestCases.Signup" tests="1" failures="0" timestamp="16 Jan 2018 08:16:11 GMT" time="20.035" errors="0">
  <testcase name="signup" time="20.035" classname="com.TestCases.Signup"/>
</testsuite> <!-- com.TestCases.Signup -->
