<?xml version="1.0" encoding="UTF-8"?>
<!-- Generated by org.testng.reporters.JUnitReportReporter -->
<testsuite skipped="0" hostname="DESKTOP-QHJCD6D" name="com.TestCases.signup_ashish" tests="2" failures="0" timestamp="28 Dec 2017 06:13:42 GMT" time="33.653" errors="0">
  <testcase name="homepageLogin" time="8.910" classname="com.TestCases.signup_ashish"/>
  <testcase name="Login" time="24.743" classname="com.TestCases.signup_ashish"/>
</testsuite> <!-- com.TestCases.signup_ashish -->
