<?xml version="1.0" encoding="UTF-8"?>
<!-- Generated by org.testng.reporters.JUnitReportReporter -->
<testsuite skipped="0" hostname="DESKTOP-QHJCD6D" name="com.TestCases.VerifyAdminEditBuyer" tests="1" failures="0" timestamp="12 Apr 2018 08:33:44 GMT" time="19.232" errors="0">
  <testcase name="verifyEditforBuyerfromAdmin" time="19.232" classname="com.TestCases.VerifyAdminEditBuyer"/>
</testsuite> <!-- com.TestCases.VerifyAdminEditBuyer -->
